<?xml version="1.0" encoding="UTF-8"?>
<!-- Generated by org.testng.reporters.JUnitReportReporter -->
<testsuite hostname="LAPTOP-P3PTTN41" failures="0" tests="5" name="com.booker.qa.assignment.POST_request" time="0.908" errors="0" timestamp="2022-07-21T21:46:32 IST" skipped="0">
  <testcase classname="com.booker.qa.assignment.POST_request" name="validateAdditionalNeeds" time="0.764"/>
  <system-out/>
  <testcase classname="com.booker.qa.assignment.POST_request" name="validateBookingDates" time="0.055"/>
  <system-out/>
  <testcase classname="com.booker.qa.assignment.POST_request" name="validateName" time="0.039"/>
  <system-out/>
  <testcase classname="com.booker.qa.assignment.POST_request" name="validateTotalPrice" time="0.048"/>
  <system-out/>
  <testcase classname="com.booker.qa.assignment.POST_request" name="validateStatusCode" time="0.002"/>
  <system-out/>
</testsuite> <!-- com.booker.qa.assignment.POST_request -->
