<?xml version="1.0" encoding="UTF-8"?>
<!-- Generated by org.testng.reporters.JUnitReportReporter -->
<testsuite hostname="LAPTOP-PVH5LLQI" failures="0" tests="1" name="com.gorest.tests.FirstTest" time="12.999" errors="0" timestamp="2022-06-27T12:18:12 IST" skipped="0">
  <testcase classname="com.gorest.tests.FirstTest" name="validateNewUser" time="12.999"/>
  <system-out/>
</testsuite> <!-- com.gorest.tests.FirstTest -->
