<?xml version="1.0" encoding="UTF-8"?>
<!-- Generated by org.testng.reporters.JUnitReportReporter -->
<testsuite hostname="LAPTOP-PVH5LLQI" failures="0" tests="8" name="com.gorest.tests.GetTests" time="4.143" errors="0" timestamp="2022-07-08T17:00:29 IST" skipped="0">
  <testcase classname="com.gorest.tests.GetTests" name="validateStatusCode" time="2.740"/>
  <system-out/>
  <testcase classname="com.gorest.tests.GetTests" name="validateName" time="0.004"/>
  <system-out/>
  <testcase classname="com.gorest.tests.GetTests" name="validateInvalideURL" time="0.695"/>
  <system-out/>
  <testcase classname="com.gorest.tests.GetTests" name="validateId" time="0.001"/>
  <system-out/>
  <testcase classname="com.gorest.tests.GetTests" name="validateStatus" time="0.001"/>
  <system-out/>
  <testcase classname="com.gorest.tests.GetTests" name="validateEmail" time="0.001"/>
  <system-out/>
  <testcase classname="com.gorest.tests.GetTests" name="validateGender" time="0.003"/>
  <system-out/>
  <testcase classname="com.gorest.tests.GetTests" name="validateInvalideToken" time="0.698"/>
  <system-out/>
</testsuite> <!-- com.gorest.tests.GetTests -->
